<?xml version="1.0" encoding="UTF-8"?>
<!-- Generated by org.testng.reporters.JUnitReportReporter -->
<testsuite hostname="DESKTOP-QNHJ5Q7" name="logExampleTestNG.NOPCommApp" tests="1" failures="0" timestamp="1 Aug 2023 05:10:33 GMT" time="19.391" errors="0">
  <testcase name="verifyLoginTest" time="19.391" classname="logExampleTestNG.NOPCommApp"/>
</testsuite> <!-- logExampleTestNG.NOPCommApp -->
